{
  "RSpec": {
    "coverage": {
      "/home/caws/Documentos/Projects/Ruby/bluecoding_challenge/config/environment.rb": [
        null,
        1,
        null,
        null,
        1
      ],
      "/home/caws/Documentos/Projects/Ruby/bluecoding_challenge/config/application.rb": [
        1,
        null,
        1,
        null,
        null,
        null,
        1,
        null,
        1,
        1,
        null,
        1,
        null,
        null,
        null,
        null,
        null,
        null,
        null
      ],
      "/home/caws/Documentos/Projects/Ruby/bluecoding_challenge/config/boot.rb": [
        1,
        null,
        1,
        1
      ],
      "/home/caws/Documentos/Projects/Ruby/bluecoding_challenge/config/environments/test.rb": [
        null,
        null,
        null,
        null,
        null,
        1,
        null,
        null,
        1,
        null,
        null,
        null,
        null,
        1,
        null,
        null,
        1,
        1,
        null,
        null,
        null,
        null,
        1,
        1,
        1,
        null,
        null,
        1,
        null,
        null,
        1,
        null,
        null,
        1,
        null,
        1,
        null,
        null,
        null,
        null,
        1,
        null,
        null,
        1,
        null,
        null,
        null,
        null
      ],
      "/home/caws/Documentos/Projects/Ruby/bluecoding_challenge/config/initializers/application_controller_renderer.rb": [
        null,
        null,
        null,
        null,
        null,
        null,
        null,
        null
      ],
      "/home/caws/Documentos/Projects/Ruby/bluecoding_challenge/config/initializers/assets.rb": [
        null,
        null,
        null,
        1,
        null,
        null,
        null,
        null,
        1,
        null,
        null,
        null,
        null,
        null
      ],
      "/home/caws/Documentos/Projects/Ruby/bluecoding_challenge/config/initializers/backtrace_silencers.rb": [
        null,
        null,
        null,
        null,
        null,
        null,
        null
      ],
      "/home/caws/Documentos/Projects/Ruby/bluecoding_challenge/config/initializers/content_security_policy.rb": [
        null,
        null,
        null,
        null,
        null,
        null,
        null,
        null,
        null,
        null,
        null,
        null,
        null,
        null,
        null,
        null,
        null,
        null,
        null,
        null,
        null,
        null,
        null,
        null,
        null,
        null,
        null,
        null,
        null,
        null
      ],
      "/home/caws/Documentos/Projects/Ruby/bluecoding_challenge/config/initializers/cookies_serializer.rb": [
        null,
        null,
        null,
        null,
        1
      ],
      "/home/caws/Documentos/Projects/Ruby/bluecoding_challenge/config/initializers/filter_parameter_logging.rb": [
        null,
        null,
        null,
        1
      ],
      "/home/caws/Documentos/Projects/Ruby/bluecoding_challenge/config/initializers/inflections.rb": [
        null,
        null,
        null,
        null,
        null,
        null,
        null,
        null,
        null,
        null,
        null,
        null,
        null,
        null,
        null,
        null
      ],
      "/home/caws/Documentos/Projects/Ruby/bluecoding_challenge/config/initializers/mime_types.rb": [
        null,
        null,
        null,
        null
      ],
      "/home/caws/Documentos/Projects/Ruby/bluecoding_challenge/config/initializers/wrap_parameters.rb": [
        null,
        null,
        null,
        null,
        null,
        null,
        1,
        2,
        null,
        null,
        null,
        null,
        null,
        null
      ],
      "/home/caws/Documentos/Projects/Ruby/bluecoding_challenge/config/routes.rb": [
        1,
        1,
        1,
        null,
        1,
        1,
        null,
        null,
        null
      ],
      "/home/caws/Documentos/Projects/Ruby/bluecoding_challenge/app/helpers/application_helper.rb": [
        1,
        null
      ],
      "/home/caws/Documentos/Projects/Ruby/bluecoding_challenge/app/helpers/home_helper.rb": [
        1,
        1,
        0,
        null,
        null,
        1,
        3,
        null,
        null,
        null,
        null,
        null,
        null,
        1,
        3,
        null,
        1,
        null,
        1,
        null,
        1,
        null,
        null,
        null
      ],
      "/home/caws/Documentos/Projects/Ruby/bluecoding_challenge/app/models/application_record.rb": [
        1,
        1,
        null
      ],
      "/home/caws/Documentos/Projects/Ruby/bluecoding_challenge/app/controllers/home_controller.rb": [
        1,
        1,
        null,
        1,
        1,
        null,
        null,
        1,
        2,
        null,
        null,
        1,
        2,
        null,
        2,
        2,
        2,
        1,
        1,
        null,
        2,
        1,
        1,
        null,
        null,
        null,
        null,
        1,
        null,
        1,
        null,
        1,
        1,
        null,
        null,
        null,
        1,
        2,
        null,
        null,
        1,
        2,
        null,
        null
      ],
      "/home/caws/Documentos/Projects/Ruby/bluecoding_challenge/app/controllers/application_controller.rb": [
        1,
        null
      ],
      "/home/caws/Documentos/Projects/Ruby/bluecoding_challenge/app/jobs/get_title_job.rb": [
        1,
        1,
        null,
        1,
        4,
        4,
        null,
        null
      ],
      "/home/caws/Documentos/Projects/Ruby/bluecoding_challenge/app/jobs/application_job.rb": [
        1,
        null,
        null,
        null,
        null,
        null,
        null
      ],
      "/home/caws/Documentos/Projects/Ruby/bluecoding_challenge/app/models/url.rb": [
        1,
        1,
        1,
        null,
        1,
        null,
        1,
        null,
        1,
        1,
        null,
        1,
        null,
        null,
        null,
        null,
        null,
        null,
        null,
        1,
        7,
        null,
        null,
        null,
        null,
        null,
        null,
        1,
        2,
        2,
        null,
        2,
        null,
        null,
        1,
        3,
        null,
        null,
        null,
        null,
        null,
        null,
        null,
        null,
        null,
        null,
        null,
        1,
        1,
        0,
        0,
        null,
        null,
        0,
        null,
        null,
        1,
        null,
        null,
        1,
        null,
        1,
        211,
        null,
        null,
        null,
        null,
        null,
        null,
        null,
        1,
        211,
        null,
        null,
        null,
        null,
        null,
        1,
        433,
        431,
        3,
        null,
        null,
        null,
        null,
        null,
        null,
        1,
        1,
        null,
        null,
        null,
        null,
        1,
        211,
        null,
        null
      ]
    },
    "timestamp": 1569550225
  }
}
